Case #1: 1 0
Case #2: 1 0
Case #3: 1 1
Case #4: 0 0
Case #5: 500 499
Case #6: 1 0
Case #7: 4 3
Case #8: 4 3
Case #9: 1 0
Case #10: 1 0
Case #11: 1 0
Case #12: 1 0
Case #13: 1 0
Case #14: 1 0
Case #15: 1 1
Case #16: 1 0
Case #17: 1 0
Case #18: 1 0
Case #19: 1 0
Case #20: 1 0
Case #21: 4 1
Case #22: 1 0
Case #23: 1 0
Case #24: 125 124
Case #25: 1 0
Case #26: 1 0
Case #27: 2 1
Case #28: 1 0
Case #29: 7 3
Case #30: 1 0
Case #31: 1 0
Case #32: 1 0
Case #33: 250 249
Case #34: 7 3
Case #35: 1 0
Case #36: 1 0
Case #37: 1 0
Case #38: 1 0
Case #39: 1 0
Case #40: 1 0
Case #41: 3 1
Case #42: 2 0
Case #43: 1 0
Case #44: 2 2
Case #45: 1 0
Case #46: 0 0
Case #47: 1 0
Case #48: 2 1
Case #49: 1 0
Case #50: 3 1
Case #51: 1 0
Case #52: 1 0
Case #53: 2 0
Case #54: 1 0
Case #55: 1 0
Case #56: 0 0
Case #57: 1 0
Case #58: 1 0
Case #59: 1 0
Case #60: 1 0
Case #61: 1 0
Case #62: 1 0
Case #63: 1 0
Case #64: 1 0
Case #65: 2 0
Case #66: 250 249
Case #67: 1 0
Case #68: 3 1
Case #69: 1 0
Case #70: 3 1
Case #71: 1 0
Case #72: 1 0
Case #73: 0 0
Case #74: 1 0
Case #75: 3 1
Case #76: 0 0
Case #77: 1 0
Case #78: 1 0
Case #79: 1 0
Case #80: 1 0
Case #81: 1 0
Case #82: 1 0
Case #83: 1 0
Case #84: 499 499
Case #85: 1 0
Case #86: 1 0
Case #87: 1 0
Case #88: 1 0
Case #89: 1 0
Case #90: 1 0
Case #91: 1 0
Case #92: 2 1
Case #93: 1 0
Case #94: 1 0
Case #95: 250 249
Case #96: 2 1
Case #97: 1 0
Case #98: 1 0
Case #99: 1 0
Case #100: 1 0
